Build started 2019/3/25 11:20:06.
     1>Project "D:\GitHub\SoftRenderer\SoftRenderer\SoftRenderer.vcxproj" on node 2 (Rebuild target(s)).
     1>ClCompile:
         C:\Program Files (x86)\Microsoft Visual Studio 12.0\VC\bin\CL.exe /c /ZI /nologo /W3 /WX- /sdl /Od /Oy- /D _CRT_SECURE_NO_WARNINGS /D _MBCS /Gm /EHsc /RTC1 /MDd /GS /fp:precise /Zc:wchar_t /Zc:forScope /Fo"Debug\\" /Fd"Debug\vc120.pdb" /Gd /TP /analyze- /errorReport:prompt Color.cpp DirectionalLight.cpp Math3D.cpp Matrix4X4.cpp Renderer.cpp Texture2D.cpp Transform.cpp Vector2.cpp Vector4.cpp Vertex.cpp
         Vertex.cpp
         Vector4.cpp
         Vector2.cpp
     1>d:\github\softrenderer\softrenderer\vector2.cpp(12): warning C4244: '=' : conversion from 'int' to 'float', possible loss of data
     1>d:\github\softrenderer\softrenderer\vector2.cpp(13): warning C4244: '=' : conversion from 'int' to 'float', possible loss of data
         Transform.cpp
         Texture2D.cpp
         Renderer.cpp
     1>d:\github\softrenderer\softrenderer\renderer.cpp(425): warning C4244: 'initializing' : conversion from 'float' to 'int', possible loss of data
     1>d:\github\softrenderer\softrenderer\renderer.cpp(426): warning C4244: 'initializing' : conversion from 'float' to 'int', possible loss of data
     1>d:\github\softrenderer\softrenderer\renderer.cpp(770): warning C4101: 'I' : unreferenced local variable
     1>d:\github\softrenderer\softrenderer\renderer.cpp(837): warning C4018: '<' : signed/unsigned mismatch
     1>d:\github\softrenderer\softrenderer\renderer.cpp(994): warning C4018: '<' : signed/unsigned mismatch
     1>d:\github\softrenderer\softrenderer\renderer.cpp(1018): warning C4305: 'argument' : truncation from 'double' to 'float'
         Matrix4X4.cpp
         Math3D.cpp
     1>d:\github\softrenderer\softrenderer\math3d.cpp(82): warning C4244: 'return' : conversion from 'double' to 'float', possible loss of data
         DirectionalLight.cpp
         Color.cpp
         Generating Code...
       Link:
         C:\Program Files (x86)\Microsoft Visual Studio 12.0\VC\bin\link.exe /ERRORREPORT:PROMPT /OUT:"D:\GitHub\SoftRenderer\Debug\SoftRenderer.exe" /INCREMENTAL /NOLOGO kernel32.lib user32.lib gdi32.lib winspool.lib comdlg32.lib advapi32.lib shell32.lib ole32.lib oleaut32.lib uuid.lib odbc32.lib odbccp32.lib /MANIFEST /MANIFESTUAC:"level='asInvoker' uiAccess='false'" /manifest:embed /DEBUG /PDB:"D:\GitHub\SoftRenderer\Debug\SoftRenderer.pdb" /TLBID:1 /DYNAMICBASE /NXCOMPAT /IMPLIB:"D:\GitHub\SoftRenderer\Debug\SoftRenderer.lib" /MACHINE:X86 Debug\Color.obj
         Debug\DirectionalLight.obj
         Debug\Math3D.obj
         Debug\Matrix4X4.obj
         Debug\Renderer.obj
         Debug\Texture2D.obj
         Debug\Transform.obj
         Debug\Vector2.obj
         Debug\Vector4.obj
         Debug\Vertex.obj
         SoftRenderer.vcxproj -> D:\GitHub\SoftRenderer\Debug\SoftRenderer.exe
     1>Done Building Project "D:\GitHub\SoftRenderer\SoftRenderer\SoftRenderer.vcxproj" (Rebuild target(s)).

Build succeeded.

Time Elapsed 00:00:04.24
