d:\github\softrenderer\softrenderer\debug\vc120.pdb
d:\github\softrenderer\softrenderer\debug\vc120.idb
d:\github\softrenderer\softrenderer\debug\directionallight.obj
d:\github\softrenderer\softrenderer\debug\math3d.obj
d:\github\softrenderer\softrenderer\debug\matrix4x4.obj
d:\github\softrenderer\softrenderer\debug\softrasterizer.obj
d:\github\softrenderer\softrenderer\debug\transform.obj
d:\github\softrenderer\softrenderer\debug\vector2.obj
d:\github\softrenderer\softrenderer\debug\vector4.obj
d:\github\softrenderer\softrenderer\debug\vertex.obj
d:\github\softrenderer\softrenderer\debug\texture2d.obj
d:\github\softrenderer\softrenderer\debug\color.obj
d:\github\softrenderer\debug\softrenderer.ilk
d:\github\softrenderer\debug\softrenderer.exe
d:\github\softrenderer\debug\softrenderer.pdb
d:\github\softrenderer\softrenderer\debug\softrenderer.tlog\cl.command.1.tlog
d:\github\softrenderer\softrenderer\debug\softrenderer.tlog\cl.read.1.tlog
d:\github\softrenderer\softrenderer\debug\softrenderer.tlog\cl.write.1.tlog
d:\github\softrenderer\softrenderer\debug\softrenderer.tlog\link.command.1.tlog
d:\github\softrenderer\softrenderer\debug\softrenderer.tlog\link.read.1.tlog
d:\github\softrenderer\softrenderer\debug\softrenderer.tlog\link.write.1.tlog
